<?xml version="1.0" encoding="UTF-8"?>
<!-- Generated by org.testng.reporters.JUnitReportReporter -->
<testsuite skipped="0" hostname="LAPTOP-H00IKJTD" name="qaclickacademy.MavenFrameworkJava.SeleniumTest" tests="2" failures="0" timestamp="2022-08-09T08:57:56 IST" time="0.027" errors="0">
  <testcase name="seleniumtest2" time="0.003" classname="qaclickacademy.MavenFrameworkJava.SeleniumTest"/>
  <system-out/>
  <testcase name="seleniumtest1" time="0.024" classname="qaclickacademy.MavenFrameworkJava.SeleniumTest"/>
  <system-out/>
</testsuite> <!-- qaclickacademy.MavenFrameworkJava.SeleniumTest -->
