<?xml version="1.0" encoding="UTF-8"?>
<!-- Generated by org.testng.reporters.JUnitReportReporter -->
<testsuite skipped="0" hostname="LAPTOP-H00IKJTD" name="qaclickacademy.MavenFrameworkJava.RESTAPITest" tests="2" failures="0" timestamp="2022-08-09T08:57:56 IST" time="0.050" errors="0">
  <testcase name="api2" time="0.005" classname="qaclickacademy.MavenFrameworkJava.RESTAPITest"/>
  <system-out/>
  <testcase name="api1" time="0.045" classname="qaclickacademy.MavenFrameworkJava.RESTAPITest"/>
  <system-out/>
</testsuite> <!-- qaclickacademy.MavenFrameworkJava.RESTAPITest -->
