<?xml version="1.0" encoding="UTF-8"?>
<!-- Generated by org.testng.reporters.JUnitReportReporter -->
<testsuite skipped="0" hostname="LAPTOP-H00IKJTD" name="qaclickacademy.MavenFrameworkJava.AppiumTest" tests="2" failures="0" timestamp="2022-08-09T08:57:12 IST" time="0.082" errors="0">
  <testcase name="appiumtest2" time="0.005" classname="qaclickacademy.MavenFrameworkJava.AppiumTest"/>
  <system-out/>
  <testcase name="appiumtest1" time="0.077" classname="qaclickacademy.MavenFrameworkJava.AppiumTest"/>
  <system-out/>
</testsuite> <!-- qaclickacademy.MavenFrameworkJava.AppiumTest -->
